2015/06/17 00:16:20 INFO  - jmeter.util.JMeterUtils: Setting Locale to en_US 
2015/06/17 00:16:20 INFO  - jmeter.JMeter: Loading user properties from: C:\dev\Workspace\git_hub\Messaging\apache-jmeter-2.13\bin\user.properties 
2015/06/17 00:16:20 INFO  - jmeter.JMeter: Loading system properties from: C:\dev\Workspace\git_hub\Messaging\apache-jmeter-2.13\bin\system.properties 
2015/06/17 00:16:20 INFO  - jmeter.JMeter: Copyright (c) 1998-2015 The Apache Software Foundation 
2015/06/17 00:16:20 INFO  - jmeter.JMeter: Version 2.13 r1665067 
2015/06/17 00:16:20 INFO  - jmeter.JMeter: java.version=1.7.0_79 
2015/06/17 00:16:20 INFO  - jmeter.JMeter: java.vm.name=Java HotSpot(TM) 64-Bit Server VM 
2015/06/17 00:16:20 INFO  - jmeter.JMeter: os.name=Windows 7 
2015/06/17 00:16:20 INFO  - jmeter.JMeter: os.arch=amd64 
2015/06/17 00:16:20 INFO  - jmeter.JMeter: os.version=6.1 
2015/06/17 00:16:20 INFO  - jmeter.JMeter: file.encoding=Cp1252 
2015/06/17 00:16:20 INFO  - jmeter.JMeter: Default Locale=English (United States) 
2015/06/17 00:16:20 INFO  - jmeter.JMeter: JMeter  Locale=English (United States) 
2015/06/17 00:16:20 INFO  - jmeter.JMeter: JMeterHome=C:\dev\Workspace\git_hub\Messaging\apache-jmeter-2.13 
2015/06/17 00:16:20 INFO  - jmeter.JMeter: user.dir  =C:\dev\Workspace\git_hub\Messaging\apache-jmeter-2.13\bin 
2015/06/17 00:16:20 INFO  - jmeter.JMeter: PWD       =C:\dev\Workspace\git_hub\Messaging\apache-jmeter-2.13\bin 
2015/06/17 00:16:20 INFO  - jmeter.JMeter: IP: 192.168.122.122 Name: naggens-PC FullName: 192.168.122.122 
2015/06/17 00:16:20 INFO  - jmeter.gui.action.LookAndFeelCommand: Using look and feel: javax.swing.plaf.metal.MetalLookAndFeel [Metal, CrossPlatform] 
2015/06/17 00:16:20 INFO  - jmeter.JMeter: Loaded icon properties from org/apache/jmeter/images/icon.properties 
2015/06/17 00:16:22 INFO  - jmeter.engine.util.CompoundVariable: Note: Function class names must contain the string: '.functions.' 
2015/06/17 00:16:22 INFO  - jmeter.engine.util.CompoundVariable: Note: Function class names must not contain the string: '.gui.' 
2015/06/17 00:16:24 INFO  - jmeter.util.BSFTestElement: Registering JMeter version of JavaScript engine as work-round for BSF-22 
2015/06/17 00:16:24 INFO  - jmeter.protocol.http.sampler.HTTPSamplerBase: Cannot find .className property for htmlParser, using default 
2015/06/17 00:16:24 INFO  - jmeter.protocol.http.sampler.HTTPSamplerBase: Parser for text/html is  
2015/06/17 00:16:24 INFO  - jmeter.protocol.http.sampler.HTTPSamplerBase: Parser for application/xhtml+xml is  
2015/06/17 00:16:24 INFO  - jmeter.protocol.http.sampler.HTTPSamplerBase: Parser for application/xml is  
2015/06/17 00:16:24 INFO  - jmeter.protocol.http.sampler.HTTPSamplerBase: Parser for text/xml is  
2015/06/17 00:16:24 INFO  - jmeter.protocol.http.sampler.HTTPSamplerBase: Parser for text/vnd.wap.wml is org.apache.jmeter.protocol.http.parser.RegexpHTMLParser 
2015/06/17 00:16:24 INFO  - jmeter.gui.util.MenuFactory: Skipping org.apache.jmeter.protocol.http.control.gui.WebServiceSamplerGui 
2015/06/17 00:16:25 INFO  - jmeter.gui.util.MenuFactory: Skipping org.apache.jmeter.protocol.http.modifier.gui.ParamModifierGui 
2015/06/17 00:16:25 INFO  - jorphan.exec.KeyToolUtils: keytool found at 'keytool' 
2015/06/17 00:16:25 INFO  - jmeter.protocol.http.proxy.ProxyControl: HTTP(S) Test Script Recorder SSL Proxy will use keys that support embedded 3rd party resources in file C:\dev\Workspace\git_hub\Messaging\apache-jmeter-2.13\bin\proxyserver.jks 
2015/06/17 00:16:25 INFO  - jmeter.samplers.SampleResult: Note: Sample TimeStamps are START times 
2015/06/17 00:16:25 INFO  - jmeter.samplers.SampleResult: sampleresult.default.encoding is set to ISO-8859-1 
2015/06/17 00:16:25 INFO  - jmeter.samplers.SampleResult: sampleresult.useNanoTime=true 
2015/06/17 00:16:25 INFO  - jmeter.samplers.SampleResult: sampleresult.nanoThreadSleep=5000 
2015/06/17 00:16:36 INFO  - jmeter.services.FileServer: Default base='C:\dev\Workspace\git_hub\Messaging\apache-jmeter-2.13\bin' 
2015/06/17 00:16:36 INFO  - jmeter.gui.action.Load: Loading file: C:\dev\Workspace\git_hub\Messaging\apache-jmeter-2.13\bin\Junit Message Publisher Test Plan.jmx 
2015/06/17 00:16:36 INFO  - jmeter.services.FileServer: Set new base='C:\dev\Workspace\git_hub\Messaging\apache-jmeter-2.13\bin' 
2015/06/17 00:16:36 INFO  - jmeter.save.SaveService: Testplan (JMX) version: 2.2. Testlog (JTL) version: 2.2 
2015/06/17 00:16:36 INFO  - jmeter.save.SaveService: Using SaveService properties file encoding UTF-8 
2015/06/17 00:16:36 INFO  - jmeter.save.SaveService: Using SaveService properties file version 1656252 
2015/06/17 00:16:36 INFO  - jmeter.save.SaveService: Using SaveService properties version 2.8 
2015/06/17 00:16:36 INFO  - jmeter.save.SaveService: All converter versions present and correct 
2015/06/17 00:16:36 INFO  - jmeter.save.SaveService: Loading file: C:\dev\Workspace\git_hub\Messaging\apache-jmeter-2.13\bin\Junit Message Publisher Test Plan.jmx 
2015/06/17 00:16:36 INFO  - jmeter.services.FileServer: Set new base='C:\dev\Workspace\git_hub\Messaging\apache-jmeter-2.13\bin' 
2015/06/17 00:17:05 INFO  - jmeter.engine.StandardJMeterEngine: Listeners will be started after enabling running version 
2015/06/17 00:17:05 INFO  - jmeter.engine.StandardJMeterEngine: To revert to the earlier behaviour, define jmeterengine.startlistenerslater=false 
2015/06/17 00:17:05 INFO  - jmeter.engine.StandardJMeterEngine: Running the test! 
2015/06/17 00:17:05 INFO  - jmeter.samplers.SampleEvent: List of sample_variables: [] 
2015/06/17 00:17:05 INFO  - jmeter.samplers.SampleEvent: List of sample_variables: [] 
2015/06/17 00:17:05 INFO  - jmeter.gui.util.JMeterMenuBar: setRunning(true,*local*) 
2015/06/17 00:17:05 INFO  - jmeter.engine.StandardJMeterEngine: Starting ThreadGroup: 1 : Message Thread Group 
2015/06/17 00:17:05 INFO  - jmeter.engine.StandardJMeterEngine: Starting 1 threads for group Message Thread Group. 
2015/06/17 00:17:05 INFO  - jmeter.engine.StandardJMeterEngine: Thread will continue on error 
2015/06/17 00:17:05 INFO  - jmeter.threads.ThreadGroup: Starting thread group number 1 threads 1 ramp-up 1 perThread 1000.0 delayedStart=false 
2015/06/17 00:17:05 INFO  - jmeter.threads.JMeterThread: jmeterthread.startearlier=true (see jmeter.properties) 
2015/06/17 00:17:05 INFO  - jmeter.threads.JMeterThread: Running PostProcessors in forward order 
2015/06/17 00:17:05 INFO  - jmeter.threads.ThreadGroup: Started thread group number 1 
2015/06/17 00:17:05 INFO  - jmeter.engine.StandardJMeterEngine: All thread groups have been started 
2015/06/17 00:17:05 INFO  - jmeter.threads.JMeterThread: Thread started: Message Thread Group 1-1 
2015/06/17 00:17:05 INFO  - jmeter.protocol.java.sampler.JUnitSampler: Trying to find constructor with one String parameter returned error: com.rf.messaging.jmeter.test.PublishMessageSamplerTest.<init>(java.lang.String) 
2015/06/17 00:17:05 INFO  - jmeter.threads.JMeterThread: Thread is done: Message Thread Group 1-1 
2015/06/17 00:17:05 INFO  - jmeter.threads.JMeterThread: Thread finished: Message Thread Group 1-1 
2015/06/17 00:17:05 INFO  - jmeter.engine.StandardJMeterEngine: Notifying test listeners of end of test 
2015/06/17 00:17:05 INFO  - jmeter.gui.util.JMeterMenuBar: setRunning(false,*local*) 
2015/06/17 00:17:49 INFO  - jmeter.engine.StandardJMeterEngine: Running the test! 
2015/06/17 00:17:49 INFO  - jmeter.samplers.SampleEvent: List of sample_variables: [] 
2015/06/17 00:17:49 INFO  - jmeter.gui.util.JMeterMenuBar: setRunning(true,*local*) 
2015/06/17 00:17:49 INFO  - jmeter.engine.StandardJMeterEngine: Starting ThreadGroup: 1 : Message Thread Group 
2015/06/17 00:17:49 INFO  - jmeter.engine.StandardJMeterEngine: Starting 1 threads for group Message Thread Group. 
2015/06/17 00:17:49 INFO  - jmeter.engine.StandardJMeterEngine: Thread will continue on error 
2015/06/17 00:17:49 INFO  - jmeter.threads.ThreadGroup: Starting thread group number 1 threads 1 ramp-up 1 perThread 1000.0 delayedStart=false 
2015/06/17 00:17:49 INFO  - jmeter.threads.ThreadGroup: Started thread group number 1 
2015/06/17 00:17:49 INFO  - jmeter.engine.StandardJMeterEngine: All thread groups have been started 
2015/06/17 00:17:49 INFO  - jmeter.threads.JMeterThread: Thread started: Message Thread Group 1-1 
2015/06/17 00:17:49 INFO  - jmeter.protocol.java.sampler.JUnitSampler: Trying to find constructor with one String parameter returned error: com.rf.messaging.jmeter.test.PublishMessageSamplerTest.<init>(java.lang.String) 
2015/06/17 00:17:50 INFO  - jmeter.threads.JMeterThread: Thread is done: Message Thread Group 1-1 
2015/06/17 00:17:50 INFO  - jmeter.threads.JMeterThread: Thread finished: Message Thread Group 1-1 
2015/06/17 00:17:50 INFO  - jmeter.engine.StandardJMeterEngine: Notifying test listeners of end of test 
2015/06/17 00:17:50 INFO  - jmeter.gui.util.JMeterMenuBar: setRunning(false,*local*) 
